[2018-05-07 08:45:26] [info]  [15044] Commons Daemon procrun (1.1.0.0 64-bit) started
[2018-05-07 08:45:26] [info]  [15044] Debugging 'Tomcat7' service...
[2018-05-07 08:45:27] [info]  [15044] Starting service...
[2018-05-07 08:45:32] [info]  [15044] Service started in 4829 ms.
[2018-05-07 08:45:34] [info]  [ 4192] Console CTRL+CLOSE event signaled
[2018-05-07 08:45:35] [info]  [ 4192] Stopping service...
[2018-05-07 08:45:55] [info]  [16676] Commons Daemon procrun (1.1.0.0 64-bit) started
[2018-05-07 08:45:55] [info]  [16676] Running 'Tomcat7' Service...
[2018-05-07 08:45:55] [info]  [14480] Starting service...
[2018-05-07 08:45:56] [info]  [14480] Service started in 1229 ms.
[2018-05-07 08:46:06] [info]  [15424] Commons Daemon procrun (1.1.0.0 64-bit) started
[2018-05-07 08:46:06] [info]  [15424] Debugging 'Tomcat7' service...
[2018-05-07 08:46:06] [info]  [15424] Starting service...
[2018-05-07 08:46:08] [info]  [15424] Service started in 1388 ms.
[2018-05-07 08:46:11] [info]  [15424] Debug service finished with exit code 0
[2018-05-07 08:46:12] [info]  [15424] Commons Daemon procrun finished
[2018-05-07 08:46:27] [info]  [19288] Commons Daemon procrun (1.1.0.0 64-bit) started
[2018-05-07 08:46:27] [info]  [19288] Debugging 'Tomcat7' service...
[2018-05-07 08:46:27] [info]  [19288] Starting service...
[2018-05-07 08:46:28] [info]  [19288] Service started in 1174 ms.
[2018-05-07 08:46:30] [info]  [19288] Debug service finished with exit code 0
[2018-05-07 08:46:30] [info]  [19288] Commons Daemon procrun finished
[2018-05-07 10:32:01] [info]  [ 8800] Stopping service...
[2018-05-07 10:32:02] [info]  [ 8800] Service stop thread completed.
[2018-05-07 10:32:03] [info]  [16676] Run service finished.
[2018-05-07 10:32:03] [info]  [16676] Commons Daemon procrun finished
[2018-05-07 10:32:07] [info]  [17100] Commons Daemon procrun (1.1.0.0 64-bit) started
[2018-05-07 10:32:07] [info]  [17100] Running 'Tomcat7' Service...
[2018-05-07 10:32:07] [info]  [ 2616] Starting service...
[2018-05-07 10:32:09] [info]  [ 2616] Service started in 2303 ms.
[2018-05-07 11:00:16] [info]  [15836] Commons Daemon procrun (1.1.0.0 64-bit) started
[2018-05-07 11:00:16] [info]  [15836] Debugging 'Tomcat7' service...
[2018-05-07 11:00:16] [info]  [15836] Starting service...
[2018-05-07 11:00:17] [info]  [15836] Service started in 1313 ms.
[2018-05-07 11:00:17] [info]  [15836] Debug service finished with exit code 0
[2018-05-07 11:00:17] [info]  [15836] Commons Daemon procrun finished
[2018-05-07 11:00:23] [info]  [ 4680] Stopping service...
[2018-05-07 11:00:24] [info]  [ 4680] Service stop thread completed.
[2018-05-07 11:00:24] [info]  [17100] Run service finished.
[2018-05-07 11:00:24] [info]  [17100] Commons Daemon procrun finished
[2018-05-07 11:00:34] [info]  [12332] Commons Daemon procrun (1.1.0.0 64-bit) started
[2018-05-07 11:00:34] [info]  [12332] Running 'Tomcat7' Service...
[2018-05-07 11:00:34] [info]  [ 8504] Starting service...
[2018-05-07 11:00:35] [info]  [ 8504] Service started in 1201 ms.
[2018-05-07 11:00:35] [info]  [12332] Run service finished.
[2018-05-07 11:00:36] [info]  [12332] Commons Daemon procrun finished
[2018-05-07 11:00:47] [info]  [18344] Commons Daemon procrun (1.1.0.0 64-bit) started
[2018-05-07 11:00:47] [info]  [18344] Running 'Tomcat7' Service...
[2018-05-07 11:00:47] [info]  [18264] Starting service...
[2018-05-07 11:00:48] [info]  [18264] Service started in 1203 ms.
[2018-05-07 11:00:48] [info]  [18344] Run service finished.
[2018-05-07 11:00:48] [info]  [18344] Commons Daemon procrun finished
[2018-05-07 11:00:53] [info]  [  624] Commons Daemon procrun (1.1.0.0 64-bit) started
[2018-05-07 11:00:53] [info]  [  624] Running 'Tomcat7' Service...
[2018-05-07 11:00:53] [info]  [16528] Starting service...
[2018-05-07 11:00:55] [info]  [16528] Service started in 1209 ms.
[2018-05-07 11:00:55] [info]  [  624] Run service finished.
[2018-05-07 11:00:55] [info]  [  624] Commons Daemon procrun finished
[2018-05-07 11:01:13] [info]  [15580] Commons Daemon procrun (1.1.0.0 64-bit) started
[2018-05-07 11:01:13] [info]  [15580] Running 'Tomcat7' Service...
[2018-05-07 11:01:13] [info]  [16504] Starting service...
[2018-05-07 11:01:14] [info]  [16504] Service started in 1237 ms.
[2018-05-07 11:01:15] [info]  [15580] Run service finished.
[2018-05-07 11:01:15] [info]  [15580] Commons Daemon procrun finished
[2018-05-07 11:01:33] [info]  [12356] Commons Daemon procrun (1.1.0.0 64-bit) started
[2018-05-07 11:01:33] [info]  [12356] Running 'Tomcat7' Service...
[2018-05-07 11:01:33] [info]  [  964] Starting service...
[2018-05-07 11:01:34] [info]  [  964] Service started in 1210 ms.
