May 07, 2018 8:46:08 AM org.apache.catalina.core.ApplicationContext log
INFO: ContextListener: contextInitialized()
May 07, 2018 8:46:08 AM org.apache.catalina.core.ApplicationContext log
INFO: SessionListener: contextInitialized()
May 07, 2018 8:46:08 AM org.apache.catalina.core.ApplicationContext log
INFO: ContextListener: attributeAdded('StockTicker', 'async.Stockticker@3c879f28')
May 07, 2018 8:46:08 AM org.apache.catalina.core.ApplicationContext log
INFO: ContextListener: attributeAdded('org.apache.jasper.compiler.TldLocationsCache', 'org.apache.jasper.compiler.TldLocationsCache@695cc63')
May 07, 2018 8:46:11 AM org.apache.catalina.core.ApplicationContext log
INFO: ContextListener: contextInitialized()
May 07, 2018 8:46:11 AM org.apache.catalina.core.ApplicationContext log
INFO: SessionListener: contextInitialized()
May 07, 2018 8:46:11 AM org.apache.catalina.core.ApplicationContext log
INFO: ContextListener: attributeAdded('StockTicker', 'async.Stockticker@100226f5')
May 07, 2018 8:46:11 AM org.apache.catalina.core.ApplicationContext log
INFO: ContextListener: attributeAdded('org.apache.jasper.compiler.TldLocationsCache', 'org.apache.jasper.compiler.TldLocationsCache@7361e76b')
May 07, 2018 8:46:11 AM org.apache.catalina.core.ApplicationContext log
INFO: SessionListener: contextDestroyed()
May 07, 2018 8:46:11 AM org.apache.catalina.core.ApplicationContext log
INFO: ContextListener: contextDestroyed()
May 07, 2018 8:46:30 AM org.apache.catalina.core.ApplicationContext log
INFO: ContextListener: contextInitialized()
May 07, 2018 8:46:30 AM org.apache.catalina.core.ApplicationContext log
INFO: SessionListener: contextInitialized()
May 07, 2018 8:46:30 AM org.apache.catalina.core.ApplicationContext log
INFO: ContextListener: attributeAdded('StockTicker', 'async.Stockticker@281dcd8a')
May 07, 2018 8:46:30 AM org.apache.catalina.core.ApplicationContext log
INFO: ContextListener: attributeAdded('org.apache.jasper.compiler.TldLocationsCache', 'org.apache.jasper.compiler.TldLocationsCache@16826da5')
May 07, 2018 8:46:30 AM org.apache.catalina.core.ApplicationContext log
INFO: SessionListener: contextDestroyed()
May 07, 2018 8:46:30 AM org.apache.catalina.core.ApplicationContext log
INFO: ContextListener: contextDestroyed()
May 07, 2018 10:32:02 AM org.apache.catalina.core.ApplicationContext log
INFO: SessionListener: contextDestroyed()
May 07, 2018 10:32:02 AM org.apache.catalina.core.ApplicationContext log
INFO: ContextListener: contextDestroyed()
May 07, 2018 10:32:20 AM org.apache.catalina.core.ApplicationContext log
INFO: ContextListener: contextInitialized()
May 07, 2018 10:32:20 AM org.apache.catalina.core.ApplicationContext log
INFO: SessionListener: contextInitialized()
May 07, 2018 10:32:20 AM org.apache.catalina.core.ApplicationContext log
INFO: ContextListener: attributeAdded('StockTicker', 'async.Stockticker@75cd67f8')
May 07, 2018 10:32:20 AM org.apache.catalina.core.ApplicationContext log
INFO: ContextListener: attributeAdded('org.apache.jasper.compiler.TldLocationsCache', 'org.apache.jasper.compiler.TldLocationsCache@3d0ae106')
May 07, 2018 11:00:23 AM org.apache.catalina.core.ApplicationContext log
INFO: SessionListener: contextDestroyed()
May 07, 2018 11:00:23 AM org.apache.catalina.core.ApplicationContext log
INFO: ContextListener: contextDestroyed()
May 07, 2018 11:01:38 AM org.apache.catalina.core.ApplicationContext log
INFO: ContextListener: contextInitialized()
May 07, 2018 11:01:38 AM org.apache.catalina.core.ApplicationContext log
INFO: SessionListener: contextInitialized()
May 07, 2018 11:01:38 AM org.apache.catalina.core.ApplicationContext log
INFO: ContextListener: attributeAdded('StockTicker', 'async.Stockticker@18b80525')
May 07, 2018 11:01:38 AM org.apache.catalina.core.ApplicationContext log
INFO: ContextListener: attributeAdded('org.apache.jasper.compiler.TldLocationsCache', 'org.apache.jasper.compiler.TldLocationsCache@6bef6228')
